{"meta": {"format": 3, "version": "7.9.2", "timestamp": "2025-07-04T13:30:14.133145", "branch_coverage": false, "show_contexts": false}, "files": {"src/tcc_analyzer/__init__.py": {"executed_lines": [1, 3], "summary": {"covered_lines": 1, "num_statements": 1, "percent_covered": 100.0, "percent_covered_display": "100", "missing_lines": 0, "excluded_lines": 0}, "missing_lines": [], "excluded_lines": [], "functions": {"": {"executed_lines": [1, 3], "summary": {"covered_lines": 1, "num_statements": 1, "percent_covered": 100.0, "percent_covered_display": "100", "missing_lines": 0, "excluded_lines": 0}, "missing_lines": [], "excluded_lines": []}}, "classes": {"": {"executed_lines": [1, 3], "summary": {"covered_lines": 1, "num_statements": 1, "percent_covered": 100.0, "percent_covered_display": "100", "missing_lines": 0, "excluded_lines": 0}, "missing_lines": [], "excluded_lines": []}}}, "src/tcc_analyzer/__main__.py": {"executed_lines": [], "summary": {"covered_lines": 0, "num_statements": 8, "percent_covered": 0.0, "percent_covered_display": "0", "missing_lines": 8, "excluded_lines": 0}, "missing_lines": [7, 8, 11, 12, 13, 16, 17, 19], "excluded_lines": [], "functions": {"": {"executed_lines": [], "summary": {"covered_lines": 0, "num_statements": 8, "percent_covered": 0.0, "percent_covered_display": "0", "missing_lines": 8, "excluded_lines": 0}, "missing_lines": [7, 8, 11, 12, 13, 16, 17, 19], "excluded_lines": []}}, "classes": {"": {"executed_lines": [], "summary": {"covered_lines": 0, "num_statements": 8, "percent_covered": 0.0, "percent_covered_display": "0", "missing_lines": 8, "excluded_lines": 0}, "missing_lines": [7, 8, 11, 12, 13, 16, 17, 19], "excluded_lines": []}}}, "src/tcc_analyzer/analyzers/__init__.py": {"executed_lines": [1], "summary": {"covered_lines": 0, "num_statements": 0, "percent_covered": 100.0, "percent_covered_display": "100", "missing_lines": 0, "excluded_lines": 0}, "missing_lines": [], "excluded_lines": [], "functions": {"": {"executed_lines": [1], "summary": {"covered_lines": 0, "num_statements": 0, "percent_covered": 100.0, "percent_covered_display": "100", "missing_lines": 0, "excluded_lines": 0}, "missing_lines": [], "excluded_lines": []}}, "classes": {"": {"executed_lines": [1], "summary": {"covered_lines": 0, "num_statements": 0, "percent_covered": 100.0, "percent_covered_display": "100", "missing_lines": 0, "excluded_lines": 0}, "missing_lines": [], "excluded_lines": []}}}, "src/tcc_analyzer/analyzers/task_analyzer.py": {"executed_lines": [1, 3, 4, 5, 6, 8, 9, 10, 13, 14, 15, 16, 19, 20, 22, 24, 25, 26, 28, 30, 31, 33, 35, 39, 40, 41, 43, 45, 51, 53, 55, 56, 58, 59, 61, 63, 65, 66, 68, 69, 71, 72, 73, 75, 76, 78, 82, 84, 85, 86, 90, 91, 93, 95, 97, 99, 101, 102, 103, 104, 105, 107, 109, 110, 111, 112, 114, 118, 119, 120, 121, 122, 123, 124, 125, 127, 131, 132, 133, 135, 136, 137, 138, 140, 141, 143, 147, 151, 157, 159, 160, 161, 162, 163, 165, 167, 169, 173, 174, 175, 177, 187, 188, 189, 190, 192, 193, 195, 204, 206, 207, 215, 217, 219, 229, 236, 237, 238, 241, 242, 244, 246, 254, 255, 256, 257, 258, 260, 263, 264, 265, 267, 271, 272, 273, 274, 276, 280, 282, 286, 289, 298, 299, 300, 301, 303, 307, 309, 313, 315, 319, 321, 322, 324, 361, 365, 366, 367, 368, 370, 373, 374, 383, 384, 389, 390, 391, 392, 393, 395, 397, 405, 406, 408, 410, 412, 420, 421, 423, 424, 426, 427, 428, 429, 430, 432, 434, 435, 437, 440, 441, 447, 449, 451, 455, 458, 459, 461, 462, 463, 464, 466, 467, 468, 469, 470, 472, 480, 481, 483], "summary": {"covered_lines": 208, "num_statements": 214, "percent_covered": 97.19626168224299, "percent_covered_display": "97", "missing_lines": 6, "excluded_lines": 0}, "missing_lines": [49, 50, 79, 80, 92, 164], "excluded_lines": [], "functions": {"TaskAnalyzer.__init__": {"executed_lines": [24, 25, 26], "summary": {"covered_lines": 3, "num_statements": 3, "percent_covered": 100.0, "percent_covered_display": "100", "missing_lines": 0, "excluded_lines": 0}, "missing_lines": [], "excluded_lines": []}, "TaskAnalyzer._load_data": {"executed_lines": [30, 31, 33, 35, 39, 40, 41, 43, 45, 51], "summary": {"covered_lines": 10, "num_statements": 12, "percent_covered": 83.33333333333333, "percent_covered_display": "83", "missing_lines": 2, "excluded_lines": 0}, "missing_lines": [49, 50], "excluded_lines": []}, "TaskAnalyzer._parse_time_duration": {"executed_lines": [55, 56, 58, 59, 61], "summary": {"covered_lines": 5, "num_statements": 5, "percent_covered": 100.0, "percent_covered_display": "100", "missing_lines": 0, "excluded_lines": 0}, "missing_lines": [], "excluded_lines": []}, "TaskAnalyzer._parse_time_string": {"executed_lines": [65, 66, 68, 69, 71, 72, 73, 75, 76, 78], "summary": {"covered_lines": 10, "num_statements": 12, "percent_covered": 83.33333333333333, "percent_covered_display": "83", "missing_lines": 2, "excluded_lines": 0}, "missing_lines": [79, 80], "excluded_lines": []}, "TaskAnalyzer._is_valid_time_format": {"executed_lines": [84, 85, 86, 90, 91, 93], "summary": {"covered_lines": 6, "num_statements": 7, "percent_covered": 85.71428571428571, "percent_covered_display": "86", "missing_lines": 1, "excluded_lines": 0}, "missing_lines": [92], "excluded_lines": []}, "TaskAnalyzer._is_valid_time_range": {"executed_lines": [97], "summary": {"covered_lines": 1, "num_statements": 1, "percent_covered": 100.0, "percent_covered_display": "100", "missing_lines": 0, "excluded_lines": 0}, "missing_lines": [], "excluded_lines": []}, "TaskAnalyzer._format_duration": {"executed_lines": [101, 102, 103, 104, 105], "summary": {"covered_lines": 5, "num_statements": 5, "percent_covered": 100.0, "percent_covered_display": "100", "missing_lines": 0, "excluded_lines": 0}, "missing_lines": [], "excluded_lines": []}, "TaskAnalyzer._calculate_percentage": {"executed_lines": [109, 110, 111, 112], "summary": {"covered_lines": 4, "num_statements": 4, "percent_covered": 100.0, "percent_covered_display": "100", "missing_lines": 0, "excluded_lines": 0}, "missing_lines": [], "excluded_lines": []}, "TaskAnalyzer._add_percentage_to_results": {"executed_lines": [118, 119, 120, 121, 122, 123, 124, 125], "summary": {"covered_lines": 8, "num_statements": 8, "percent_covered": 100.0, "percent_covered_display": "100", "missing_lines": 0, "excluded_lines": 0}, "missing_lines": [], "excluded_lines": []}, "TaskAnalyzer._aggregate_by_fields": {"executed_lines": [131, 132, 133, 135, 136, 137, 138, 140, 141, 143, 147], "summary": {"covered_lines": 11, "num_statements": 11, "percent_covered": 100.0, "percent_covered_display": "100", "missing_lines": 0, "excluded_lines": 0}, "missing_lines": [], "excluded_lines": []}, "TaskAnalyzer._extract_field_data": {"executed_lines": [157, 159, 160, 161, 162, 163, 165, 167], "summary": {"covered_lines": 8, "num_statements": 9, "percent_covered": 88.88888888888889, "percent_covered_display": "89", "missing_lines": 1, "excluded_lines": 0}, "missing_lines": [164], "excluded_lines": []}, "TaskAnalyzer._create_composite_key": {"executed_lines": [173, 174, 175], "summary": {"covered_lines": 3, "num_statements": 3, "percent_covered": 100.0, "percent_covered_display": "100", "missing_lines": 0, "excluded_lines": 0}, "missing_lines": [], "excluded_lines": []}, "TaskAnalyzer._update_aggregation_data": {"executed_lines": [187, 188, 189, 190, 192, 193], "summary": {"covered_lines": 6, "num_statements": 6, "percent_covered": 100.0, "percent_covered_display": "100", "missing_lines": 0, "excluded_lines": 0}, "missing_lines": [], "excluded_lines": []}, "TaskAnalyzer._convert_to_results": {"executed_lines": [204, 206, 207, 215, 217], "summary": {"covered_lines": 5, "num_statements": 5, "percent_covered": 100.0, "percent_covered_display": "100", "missing_lines": 0, "excluded_lines": 0}, "missing_lines": [], "excluded_lines": []}, "TaskAnalyzer._create_result_entry": {"executed_lines": [229, 236, 237, 238, 241, 242, 244], "summary": {"covered_lines": 7, "num_statements": 7, "percent_covered": 100.0, "percent_covered_display": "100", "missing_lines": 0, "excluded_lines": 0}, "missing_lines": [], "excluded_lines": []}, "TaskAnalyzer._sort_results": {"executed_lines": [254, 255, 256, 257, 258, 260, 263, 264, 265, 267, 271, 272, 273, 274, 276, 280], "summary": {"covered_lines": 16, "num_statements": 16, "percent_covered": 100.0, "percent_covered_display": "100", "missing_lines": 0, "excluded_lines": 0}, "missing_lines": [], "excluded_lines": []}, "TaskAnalyzer._analyze_by_type": {"executed_lines": [286, 289, 298, 299, 300, 301], "summary": {"covered_lines": 6, "num_statements": 6, "percent_covered": 100.0, "percent_covered_display": "100", "missing_lines": 0, "excluded_lines": 0}, "missing_lines": [], "excluded_lines": []}, "TaskAnalyzer.analyze_by_project": {"executed_lines": [307], "summary": {"covered_lines": 1, "num_statements": 1, "percent_covered": 100.0, "percent_covered_display": "100", "missing_lines": 0, "excluded_lines": 0}, "missing_lines": [], "excluded_lines": []}, "TaskAnalyzer.analyze_by_mode": {"executed_lines": [313], "summary": {"covered_lines": 1, "num_statements": 1, "percent_covered": 100.0, "percent_covered_display": "100", "missing_lines": 0, "excluded_lines": 0}, "missing_lines": [], "excluded_lines": []}, "TaskAnalyzer.analyze_by_project_mode": {"executed_lines": [319], "summary": {"covered_lines": 1, "num_statements": 1, "percent_covered": 100.0, "percent_covered_display": "100", "missing_lines": 0, "excluded_lines": 0}, "missing_lines": [], "excluded_lines": []}, "TaskAnalyzer._get_analysis_config": {"executed_lines": [324], "summary": {"covered_lines": 1, "num_statements": 1, "percent_covered": 100.0, "percent_covered_display": "100", "missing_lines": 0, "excluded_lines": 0}, "missing_lines": [], "excluded_lines": []}, "TaskAnalyzer._create_table": {"executed_lines": [365, 366, 367, 368, 370, 373, 374, 383, 384, 389, 390, 391, 392, 393, 395], "summary": {"covered_lines": 15, "num_statements": 15, "percent_covered": 100.0, "percent_covered_display": "100", "missing_lines": 0, "excluded_lines": 0}, "missing_lines": [], "excluded_lines": []}, "TaskAnalyzer.display_table": {"executed_lines": [405, 406, 408, 410], "summary": {"covered_lines": 4, "num_statements": 4, "percent_covered": 100.0, "percent_covered_display": "100", "missing_lines": 0, "excluded_lines": 0}, "missing_lines": [], "excluded_lines": []}, "TaskAnalyzer.display_json": {"executed_lines": [420, 421, 423, 424, 426, 427, 428, 429, 430, 432, 434, 435, 437, 440, 441, 447, 449], "summary": {"covered_lines": 17, "num_statements": 17, "percent_covered": 100.0, "percent_covered_display": "100", "missing_lines": 0, "excluded_lines": 0}, "missing_lines": [], "excluded_lines": []}, "TaskAnalyzer._print_csv": {"executed_lines": [455, 458, 459, 461, 462, 463, 464, 466, 467, 468, 469, 470], "summary": {"covered_lines": 12, "num_statements": 12, "percent_covered": 100.0, "percent_covered_display": "100", "missing_lines": 0, "excluded_lines": 0}, "missing_lines": [], "excluded_lines": []}, "TaskAnalyzer.display_csv": {"executed_lines": [480, 481, 483], "summary": {"covered_lines": 3, "num_statements": 3, "percent_covered": 100.0, "percent_covered_display": "100", "missing_lines": 0, "excluded_lines": 0}, "missing_lines": [], "excluded_lines": []}, "": {"executed_lines": [1, 3, 4, 5, 6, 8, 9, 10, 13, 14, 15, 16, 19, 20, 22, 28, 53, 63, 82, 95, 99, 107, 114, 127, 151, 169, 177, 195, 219, 246, 282, 303, 309, 315, 321, 322, 361, 397, 412, 451, 472], "summary": {"covered_lines": 39, "num_statements": 39, "percent_covered": 100.0, "percent_covered_display": "100", "missing_lines": 0, "excluded_lines": 0}, "missing_lines": [], "excluded_lines": []}}, "classes": {"TaskAnalyzer": {"executed_lines": [24, 25, 26, 30, 31, 33, 35, 39, 40, 41, 43, 45, 51, 55, 56, 58, 59, 61, 65, 66, 68, 69, 71, 72, 73, 75, 76, 78, 84, 85, 86, 90, 91, 93, 97, 101, 102, 103, 104, 105, 109, 110, 111, 112, 118, 119, 120, 121, 122, 123, 124, 125, 131, 132, 133, 135, 136, 137, 138, 140, 141, 143, 147, 157, 159, 160, 161, 162, 163, 165, 167, 173, 174, 175, 187, 188, 189, 190, 192, 193, 204, 206, 207, 215, 217, 229, 236, 237, 238, 241, 242, 244, 254, 255, 256, 257, 258, 260, 263, 264, 265, 267, 271, 272, 273, 274, 276, 280, 286, 289, 298, 299, 300, 301, 307, 313, 319, 324, 365, 366, 367, 368, 370, 373, 374, 383, 384, 389, 390, 391, 392, 393, 395, 405, 406, 408, 410, 420, 421, 423, 424, 426, 427, 428, 429, 430, 432, 434, 435, 437, 440, 441, 447, 449, 455, 458, 459, 461, 462, 463, 464, 466, 467, 468, 469, 470, 480, 481, 483], "summary": {"covered_lines": 169, "num_statements": 175, "percent_covered": 96.57142857142857, "percent_covered_display": "97", "missing_lines": 6, "excluded_lines": 0}, "missing_lines": [49, 50, 79, 80, 92, 164], "excluded_lines": []}, "": {"executed_lines": [1, 3, 4, 5, 6, 8, 9, 10, 13, 14, 15, 16, 19, 20, 22, 28, 53, 63, 82, 95, 99, 107, 114, 127, 151, 169, 177, 195, 219, 246, 282, 303, 309, 315, 321, 322, 361, 397, 412, 451, 472], "summary": {"covered_lines": 39, "num_statements": 39, "percent_covered": 100.0, "percent_covered_display": "100", "missing_lines": 0, "excluded_lines": 0}, "missing_lines": [], "excluded_lines": []}}}, "src/tcc_analyzer/cli.py": {"executed_lines": [1, 3, 4, 5, 7, 9, 11, 12, 17, 25, 26, 27, 29, 32, 33, 34, 40, 46, 51, 57, 62, 67, 72, 78, 90, 93, 95, 100, 101, 106, 108, 109, 110, 111, 113, 115, 116, 117, 118, 119, 120, 123, 127, 187, 215, 242, 272, 284, 294], "summary": {"covered_lines": 48, "num_statements": 115, "percent_covered": 41.73913043478261, "percent_covered_display": "42", "missing_lines": 67, "excluded_lines": 0}, "missing_lines": [18, 20, 21, 22, 124, 136, 138, 146, 149, 156, 157, 160, 161, 162, 163, 164, 165, 166, 167, 168, 169, 172, 173, 175, 176, 177, 180, 182, 183, 184, 192, 193, 194, 195, 196, 197, 198, 199, 201, 202, 203, 206, 207, 220, 222, 223, 224, 225, 226, 227, 229, 230, 233, 239, 248, 254, 255, 257, 258, 259, 264, 265, 276, 277, 288, 289, 295], "excluded_lines": [], "functions": {"main": {"executed_lines": [29], "summary": {"covered_lines": 1, "num_statements": 1, "percent_covered": 100.0, "percent_covered_display": "100", "missing_lines": 0, "excluded_lines": 0}, "missing_lines": [], "excluded_lines": []}, "task": {"executed_lines": [90, 93, 95, 100, 101, 106, 108, 109, 110, 111, 113, 115, 116, 117, 118, 119, 120, 123], "summary": {"covered_lines": 18, "num_statements": 19, "percent_covered": 94.73684210526316, "percent_covered_display": "95", "missing_lines": 1, "excluded_lines": 0}, "missing_lines": [124], "excluded_lines": []}, "_generate_chart": {"executed_lines": [], "summary": {"covered_lines": 0, "num_statements": 25, "percent_covered": 0.0, "percent_covered_display": "0", "missing_lines": 25, "excluded_lines": 0}, "missing_lines": [136, 138, 146, 149, 156, 157, 160, 161, 162, 163, 164, 165, 166, 167, 168, 169, 172, 173, 175, 176, 177, 180, 182, 183, 184], "excluded_lines": []}, "_create_bar_chart": {"executed_lines": [], "summary": {"covered_lines": 0, "num_statements": 13, "percent_covered": 0.0, "percent_covered_display": "0", "missing_lines": 13, "excluded_lines": 0}, "missing_lines": [192, 193, 194, 195, 196, 197, 198, 199, 201, 202, 203, 206, 207], "excluded_lines": []}, "_create_pie_chart": {"executed_lines": [], "summary": {"covered_lines": 0, "num_statements": 11, "percent_covered": 0.0, "percent_covered_display": "0", "missing_lines": 11, "excluded_lines": 0}, "missing_lines": [220, 222, 223, 224, 225, 226, 227, 229, 230, 233, 239], "excluded_lines": []}, "_create_line_chart": {"executed_lines": [], "summary": {"covered_lines": 0, "num_statements": 8, "percent_covered": 0.0, "percent_covered_display": "0", "missing_lines": 8, "excluded_lines": 0}, "missing_lines": [248, 254, 255, 257, 258, 259, 264, 265], "excluded_lines": []}, "_create_histogram_chart": {"executed_lines": [], "summary": {"covered_lines": 0, "num_statements": 2, "percent_covered": 0.0, "percent_covered_display": "0", "missing_lines": 2, "excluded_lines": 0}, "missing_lines": [276, 277], "excluded_lines": []}, "_create_heatmap_chart": {"executed_lines": [], "summary": {"covered_lines": 0, "num_statements": 2, "percent_covered": 0.0, "percent_covered_display": "0", "missing_lines": 2, "excluded_lines": 0}, "missing_lines": [288, 289], "excluded_lines": []}, "": {"executed_lines": [1, 3, 4, 5, 7, 9, 11, 12, 17, 25, 26, 27, 32, 33, 34, 40, 46, 51, 57, 62, 67, 72, 78, 127, 187, 215, 242, 272, 284, 294], "summary": {"covered_lines": 29, "num_statements": 34, "percent_covered": 85.29411764705883, "percent_covered_display": "85", "missing_lines": 5, "excluded_lines": 0}, "missing_lines": [18, 20, 21, 22, 295], "excluded_lines": []}}, "classes": {"": {"executed_lines": [1, 3, 4, 5, 7, 9, 11, 12, 17, 25, 26, 27, 29, 32, 33, 34, 40, 46, 51, 57, 62, 67, 72, 78, 90, 93, 95, 100, 101, 106, 108, 109, 110, 111, 113, 115, 116, 117, 118, 119, 120, 123, 127, 187, 215, 242, 272, 284, 294], "summary": {"covered_lines": 48, "num_statements": 115, "percent_covered": 41.73913043478261, "percent_covered_display": "42", "missing_lines": 67, "excluded_lines": 0}, "missing_lines": [18, 20, 21, 22, 124, 136, 138, 146, 149, 156, 157, 160, 161, 162, 163, 164, 165, 166, 167, 168, 169, 172, 173, 175, 176, 177, 180, 182, 183, 184, 192, 193, 194, 195, 196, 197, 198, 199, 201, 202, 203, 206, 207, 220, 222, 223, 224, 225, 226, 227, 229, 230, 233, 239, 248, 254, 255, 257, 258, 259, 264, 265, 276, 277, 288, 289, 295], "excluded_lines": []}}}, "src/tcc_analyzer/visualization/__init__.py": {"executed_lines": [1, 3, 4, 11, 12, 14], "summary": {"covered_lines": 5, "num_statements": 5, "percent_covered": 100.0, "percent_covered_display": "100", "missing_lines": 0, "excluded_lines": 0}, "missing_lines": [], "excluded_lines": [], "functions": {"": {"executed_lines": [1, 3, 4, 11, 12, 14], "summary": {"covered_lines": 5, "num_statements": 5, "percent_covered": 100.0, "percent_covered_display": "100", "missing_lines": 0, "excluded_lines": 0}, "missing_lines": [], "excluded_lines": []}}, "classes": {"": {"executed_lines": [1, 3, 4, 11, 12, 14], "summary": {"covered_lines": 5, "num_statements": 5, "percent_covered": 100.0, "percent_covered_display": "100", "missing_lines": 0, "excluded_lines": 0}, "missing_lines": [], "excluded_lines": []}}}, "src/tcc_analyzer/visualization/base.py": {"executed_lines": [1, 3, 4, 5, 6, 7, 8, 10, 11, 12, 13, 14, 17, 18, 20, 21, 22, 23, 24, 25, 28, 29, 31, 32, 33, 34, 37, 38, 40, 50, 51, 52, 53, 55, 57, 60, 63, 64, 67, 70, 71, 74, 77, 81, 82, 84, 85, 100, 129, 148, 159, 160, 163, 165, 174, 180, 188, 189, 191, 192, 194, 195, 196, 197, 198, 200, 204, 205, 208, 211, 214, 217, 219, 221, 222, 224, 226, 227, 229, 230, 231, 234, 235, 237, 238, 242, 243, 245, 247, 248, 250, 252, 254, 255, 257, 258, 260, 261, 263, 264, 265, 266, 267, 268, 274, 275, 279, 280, 284, 285, 286, 287, 288, 289, 296, 297], "summary": {"covered_lines": 111, "num_statements": 150, "percent_covered": 74.0, "percent_covered_display": "74", "missing_lines": 39, "excluded_lines": 0}, "missing_lines": [68, 98, 116, 117, 119, 120, 121, 122, 123, 124, 127, 131, 132, 135, 136, 139, 140, 141, 142, 145, 146, 176, 177, 178, 182, 183, 184, 185, 215, 232, 240, 241, 270, 271, 272, 277, 291, 292, 293], "excluded_lines": [], "functions": {"BaseVisualizer.__init__": {"executed_lines": [50, 51, 52, 53], "summary": {"covered_lines": 4, "num_statements": 4, "percent_covered": 100.0, "percent_covered_display": "100", "missing_lines": 0, "excluded_lines": 0}, "missing_lines": [], "excluded_lines": []}, "BaseVisualizer.setup_figure": {"executed_lines": [57, 60, 63, 64, 67, 70, 71, 74, 77, 81, 82], "summary": {"covered_lines": 11, "num_statements": 12, "percent_covered": 91.66666666666667, "percent_covered_display": "92", "missing_lines": 1, "excluded_lines": 0}, "missing_lines": [68], "excluded_lines": []}, "BaseVisualizer.create_chart": {"executed_lines": [], "summary": {"covered_lines": 0, "num_statements": 1, "percent_covered": 0.0, "percent_covered_display": "0", "missing_lines": 1, "excluded_lines": 0}, "missing_lines": [98], "excluded_lines": []}, "BaseVisualizer.customize_chart": {"executed_lines": [], "summary": {"covered_lines": 0, "num_statements": 9, "percent_covered": 0.0, "percent_covered_display": "0", "missing_lines": 9, "excluded_lines": 0}, "missing_lines": [116, 117, 119, 120, 121, 122, 123, 124, 127], "excluded_lines": []}, "BaseVisualizer._apply_custom_styling": {"executed_lines": [], "summary": {"covered_lines": 0, "num_statements": 10, "percent_covered": 0.0, "percent_covered_display": "0", "missing_lines": 10, "excluded_lines": 0}, "missing_lines": [131, 132, 135, 136, 139, 140, 141, 142, 145, 146], "excluded_lines": []}, "BaseVisualizer.save_chart": {"executed_lines": [159, 160, 163, 165], "summary": {"covered_lines": 4, "num_statements": 4, "percent_covered": 100.0, "percent_covered_display": "100", "missing_lines": 0, "excluded_lines": 0}, "missing_lines": [], "excluded_lines": []}, "BaseVisualizer.show_chart": {"executed_lines": [], "summary": {"covered_lines": 0, "num_statements": 3, "percent_covered": 0.0, "percent_covered_display": "0", "missing_lines": 3, "excluded_lines": 0}, "missing_lines": [176, 177, 178], "excluded_lines": []}, "BaseVisualizer.close_chart": {"executed_lines": [], "summary": {"covered_lines": 0, "num_statements": 4, "percent_covered": 0.0, "percent_covered_display": "0", "missing_lines": 4, "excluded_lines": 0}, "missing_lines": [182, 183, 184, 185], "excluded_lines": []}, "DataProcessor.sanitize_labels": {"executed_lines": [194, 195, 196, 197, 198, 200, 204, 205, 208, 211, 214, 217, 219], "summary": {"covered_lines": 13, "num_statements": 14, "percent_covered": 92.85714285714286, "percent_covered_display": "93", "missing_lines": 1, "excluded_lines": 0}, "missing_lines": [215], "excluded_lines": []}, "DataProcessor.extract_values": {"executed_lines": [224], "summary": {"covered_lines": 1, "num_statements": 1, "percent_covered": 100.0, "percent_covered_display": "100", "missing_lines": 0, "excluded_lines": 0}, "missing_lines": [], "excluded_lines": []}, "DataProcessor.extract_numeric_values": {"executed_lines": [229, 230, 231, 234, 235, 237, 238, 242, 243, 245], "summary": {"covered_lines": 10, "num_statements": 13, "percent_covered": 76.92307692307692, "percent_covered_display": "77", "missing_lines": 3, "excluded_lines": 0}, "missing_lines": [232, 240, 241], "excluded_lines": []}, "DataProcessor.extract_hours_values": {"executed_lines": [250, 252], "summary": {"covered_lines": 2, "num_statements": 2, "percent_covered": 100.0, "percent_covered_display": "100", "missing_lines": 0, "excluded_lines": 0}, "missing_lines": [], "excluded_lines": []}, "DataProcessor._time_to_seconds": {"executed_lines": [257, 258, 260, 261, 263, 264, 265, 266, 267, 268], "summary": {"covered_lines": 10, "num_statements": 13, "percent_covered": 76.92307692307692, "percent_covered_display": "77", "missing_lines": 3, "excluded_lines": 0}, "missing_lines": [270, 271, 272], "excluded_lines": []}, "DataProcessor.create_dataframe": {"executed_lines": [], "summary": {"covered_lines": 0, "num_statements": 1, "percent_covered": 0.0, "percent_covered_display": "0", "missing_lines": 1, "excluded_lines": 0}, "missing_lines": [277], "excluded_lines": []}, "DataProcessor.filter_top_items": {"executed_lines": [284, 285, 286, 287, 288, 289, 296, 297], "summary": {"covered_lines": 8, "num_statements": 11, "percent_covered": 72.72727272727273, "percent_covered_display": "73", "missing_lines": 3, "excluded_lines": 0}, "missing_lines": [291, 292, 293], "excluded_lines": []}, "": {"executed_lines": [1, 3, 4, 5, 6, 7, 8, 10, 11, 12, 13, 14, 17, 18, 20, 21, 22, 23, 24, 25, 28, 29, 31, 32, 33, 34, 37, 38, 40, 55, 84, 85, 100, 129, 148, 174, 180, 188, 189, 191, 192, 221, 222, 226, 227, 247, 248, 254, 255, 274, 275, 279, 280], "summary": {"covered_lines": 48, "num_statements": 48, "percent_covered": 100.0, "percent_covered_display": "100", "missing_lines": 0, "excluded_lines": 0}, "missing_lines": [], "excluded_lines": []}}, "classes": {"ChartType": {"executed_lines": [], "summary": {"covered_lines": 0, "num_statements": 0, "percent_covered": 100.0, "percent_covered_display": "100", "missing_lines": 0, "excluded_lines": 0}, "missing_lines": [], "excluded_lines": []}, "OutputFormat": {"executed_lines": [], "summary": {"covered_lines": 0, "num_statements": 0, "percent_covered": 100.0, "percent_covered_display": "100", "missing_lines": 0, "excluded_lines": 0}, "missing_lines": [], "excluded_lines": []}, "BaseVisualizer": {"executed_lines": [50, 51, 52, 53, 57, 60, 63, 64, 67, 70, 71, 74, 77, 81, 82, 159, 160, 163, 165], "summary": {"covered_lines": 19, "num_statements": 47, "percent_covered": 40.42553191489362, "percent_covered_display": "40", "missing_lines": 28, "excluded_lines": 0}, "missing_lines": [68, 98, 116, 117, 119, 120, 121, 122, 123, 124, 127, 131, 132, 135, 136, 139, 140, 141, 142, 145, 146, 176, 177, 178, 182, 183, 184, 185], "excluded_lines": []}, "DataProcessor": {"executed_lines": [194, 195, 196, 197, 198, 200, 204, 205, 208, 211, 214, 217, 219, 224, 229, 230, 231, 234, 235, 237, 238, 242, 243, 245, 250, 252, 257, 258, 260, 261, 263, 264, 265, 266, 267, 268, 284, 285, 286, 287, 288, 289, 296, 297], "summary": {"covered_lines": 44, "num_statements": 55, "percent_covered": 80.0, "percent_covered_display": "80", "missing_lines": 11, "excluded_lines": 0}, "missing_lines": [215, 232, 240, 241, 270, 271, 272, 277, 291, 292, 293], "excluded_lines": []}, "": {"executed_lines": [1, 3, 4, 5, 6, 7, 8, 10, 11, 12, 13, 14, 17, 18, 20, 21, 22, 23, 24, 25, 28, 29, 31, 32, 33, 34, 37, 38, 40, 55, 84, 85, 100, 129, 148, 174, 180, 188, 189, 191, 192, 221, 222, 226, 227, 247, 248, 254, 255, 274, 275, 279, 280], "summary": {"covered_lines": 48, "num_statements": 48, "percent_covered": 100.0, "percent_covered_display": "100", "missing_lines": 0, "excluded_lines": 0}, "missing_lines": [], "excluded_lines": []}}}, "src/tcc_analyzer/visualization/charts.py": {"executed_lines": [1, 3, 5, 6, 7, 8, 9, 10, 11, 13, 16, 17, 19, 38, 41, 42, 45, 46, 50, 51, 54, 57, 58, 60, 62, 64, 71, 75, 76, 78, 79, 83, 93, 94, 96, 115, 118, 119, 122, 123, 127, 131, 132, 133, 135, 138, 139, 147, 148, 149, 150, 153, 154, 155, 157, 160, 161, 162, 163, 166, 170, 172, 175, 190, 210, 211, 213, 268, 277, 287, 288, 290, 332, 333, 335, 376, 385], "summary": {"covered_lines": 71, "num_statements": 115, "percent_covered": 61.73913043478261, "percent_covered_display": "62", "missing_lines": 44, "excluded_lines": 0}, "missing_lines": [48, 81, 125, 128, 167, 168, 232, 235, 237, 238, 241, 242, 245, 248, 255, 256, 263, 264, 266, 270, 279, 305, 308, 311, 312, 313, 316, 319, 329, 352, 355, 356, 358, 360, 361, 364, 371, 372, 374, 378, 387, 388, 391, 392], "excluded_lines": [], "functions": {"BarChartVisualizer.create_chart": {"executed_lines": [38, 41, 42, 45, 46, 50, 51, 54, 57, 58, 60], "summary": {"covered_lines": 11, "num_statements": 12, "percent_covered": 91.66666666666667, "percent_covered_display": "92", "missing_lines": 1, "excluded_lines": 0}, "missing_lines": [48], "excluded_lines": []}, "BarChartVisualizer._get_bar_styling": {"executed_lines": [64], "summary": {"covered_lines": 1, "num_statements": 1, "percent_covered": 100.0, "percent_covered_display": "100", "missing_lines": 0, "excluded_lines": 0}, "missing_lines": [], "excluded_lines": []}, "BarChartVisualizer._add_value_labels": {"executed_lines": [75, 76, 78, 79, 83], "summary": {"covered_lines": 5, "num_statements": 6, "percent_covered": 83.33333333333333, "percent_covered_display": "83", "missing_lines": 1, "excluded_lines": 0}, "missing_lines": [81], "excluded_lines": []}, "PieChartVisualizer.create_chart": {"executed_lines": [115, 118, 119, 122, 123, 127, 131, 132, 133, 135, 138, 139, 147, 148, 149, 150, 153, 154, 155, 157, 160, 161, 162, 163, 166, 170], "summary": {"covered_lines": 26, "num_statements": 30, "percent_covered": 86.66666666666667, "percent_covered_display": "87", "missing_lines": 4, "excluded_lines": 0}, "missing_lines": [125, 128, 167, 168], "excluded_lines": []}, "PieChartVisualizer._get_pie_styling": {"executed_lines": [175, 190], "summary": {"covered_lines": 2, "num_statements": 2, "percent_covered": 100.0, "percent_covered_display": "100", "missing_lines": 0, "excluded_lines": 0}, "missing_lines": [], "excluded_lines": []}, "TimeSeriesVisualizer.create_chart": {"executed_lines": [], "summary": {"covered_lines": 0, "num_statements": 13, "percent_covered": 0.0, "percent_covered_display": "0", "missing_lines": 13, "excluded_lines": 0}, "missing_lines": [232, 235, 237, 238, 241, 242, 245, 248, 255, 256, 263, 264, 266], "excluded_lines": []}, "TimeSeriesVisualizer._get_line_styling": {"executed_lines": [], "summary": {"covered_lines": 0, "num_statements": 1, "percent_covered": 0.0, "percent_covered_display": "0", "missing_lines": 1, "excluded_lines": 0}, "missing_lines": [270], "excluded_lines": []}, "TimeSeriesVisualizer._get_marker_styling": {"executed_lines": [], "summary": {"covered_lines": 0, "num_statements": 1, "percent_covered": 0.0, "percent_covered_display": "0", "missing_lines": 1, "excluded_lines": 0}, "missing_lines": [279], "excluded_lines": []}, "HeatmapVisualizer.create_chart": {"executed_lines": [], "summary": {"covered_lines": 0, "num_statements": 8, "percent_covered": 0.0, "percent_covered_display": "0", "missing_lines": 8, "excluded_lines": 0}, "missing_lines": [305, 308, 311, 312, 313, 316, 319, 329], "excluded_lines": []}, "HistogramVisualizer.create_chart": {"executed_lines": [], "summary": {"covered_lines": 0, "num_statements": 10, "percent_covered": 0.0, "percent_covered_display": "0", "missing_lines": 10, "excluded_lines": 0}, "missing_lines": [352, 355, 356, 358, 360, 361, 364, 371, 372, 374], "excluded_lines": []}, "HistogramVisualizer._get_histogram_styling": {"executed_lines": [], "summary": {"covered_lines": 0, "num_statements": 1, "percent_covered": 0.0, "percent_covered_display": "0", "missing_lines": 1, "excluded_lines": 0}, "missing_lines": [378], "excluded_lines": []}, "HistogramVisualizer._add_statistics_text": {"executed_lines": [], "summary": {"covered_lines": 0, "num_statements": 4, "percent_covered": 0.0, "percent_covered_display": "0", "missing_lines": 4, "excluded_lines": 0}, "missing_lines": [387, 388, 391, 392], "excluded_lines": []}, "": {"executed_lines": [1, 3, 5, 6, 7, 8, 9, 10, 11, 13, 16, 17, 19, 62, 71, 93, 94, 96, 172, 210, 211, 213, 268, 277, 287, 288, 290, 332, 333, 335, 376, 385], "summary": {"covered_lines": 26, "num_statements": 26, "percent_covered": 100.0, "percent_covered_display": "100", "missing_lines": 0, "excluded_lines": 0}, "missing_lines": [], "excluded_lines": []}}, "classes": {"BarChartVisualizer": {"executed_lines": [38, 41, 42, 45, 46, 50, 51, 54, 57, 58, 60, 64, 75, 76, 78, 79, 83], "summary": {"covered_lines": 17, "num_statements": 19, "percent_covered": 89.47368421052632, "percent_covered_display": "89", "missing_lines": 2, "excluded_lines": 0}, "missing_lines": [48, 81], "excluded_lines": []}, "PieChartVisualizer": {"executed_lines": [115, 118, 119, 122, 123, 127, 131, 132, 133, 135, 138, 139, 147, 148, 149, 150, 153, 154, 155, 157, 160, 161, 162, 163, 166, 170, 175, 190], "summary": {"covered_lines": 28, "num_statements": 32, "percent_covered": 87.5, "percent_covered_display": "88", "missing_lines": 4, "excluded_lines": 0}, "missing_lines": [125, 128, 167, 168], "excluded_lines": []}, "TimeSeriesVisualizer": {"executed_lines": [], "summary": {"covered_lines": 0, "num_statements": 15, "percent_covered": 0.0, "percent_covered_display": "0", "missing_lines": 15, "excluded_lines": 0}, "missing_lines": [232, 235, 237, 238, 241, 242, 245, 248, 255, 256, 263, 264, 266, 270, 279], "excluded_lines": []}, "HeatmapVisualizer": {"executed_lines": [], "summary": {"covered_lines": 0, "num_statements": 8, "percent_covered": 0.0, "percent_covered_display": "0", "missing_lines": 8, "excluded_lines": 0}, "missing_lines": [305, 308, 311, 312, 313, 316, 319, 329], "excluded_lines": []}, "HistogramVisualizer": {"executed_lines": [], "summary": {"covered_lines": 0, "num_statements": 15, "percent_covered": 0.0, "percent_covered_display": "0", "missing_lines": 15, "excluded_lines": 0}, "missing_lines": [352, 355, 356, 358, 360, 361, 364, 371, 372, 374, 378, 387, 388, 391, 392], "excluded_lines": []}, "": {"executed_lines": [1, 3, 5, 6, 7, 8, 9, 10, 11, 13, 16, 17, 19, 62, 71, 93, 94, 96, 172, 210, 211, 213, 268, 277, 287, 288, 290, 332, 333, 335, 376, 385], "summary": {"covered_lines": 26, "num_statements": 26, "percent_covered": 100.0, "percent_covered_display": "100", "missing_lines": 0, "excluded_lines": 0}, "missing_lines": [], "excluded_lines": []}}}, "src/tcc_analyzer/visualization/factory.py": {"executed_lines": [1, 3, 5, 6, 15, 16, 18, 26, 27, 45, 46, 48, 49, 51, 52, 54, 56, 57], "summary": {"covered_lines": 16, "num_statements": 17, "percent_covered": 94.11764705882354, "percent_covered_display": "94", "missing_lines": 1, "excluded_lines": 0}, "missing_lines": [69], "excluded_lines": [], "functions": {"VisualizationFactory.create_visualizer": {"executed_lines": [45, 46, 48, 49], "summary": {"covered_lines": 4, "num_statements": 4, "percent_covered": 100.0, "percent_covered_display": "100", "missing_lines": 0, "excluded_lines": 0}, "missing_lines": [], "excluded_lines": []}, "VisualizationFactory.get_available_types": {"executed_lines": [54], "summary": {"covered_lines": 1, "num_statements": 1, "percent_covered": 100.0, "percent_covered_display": "100", "missing_lines": 0, "excluded_lines": 0}, "missing_lines": [], "excluded_lines": []}, "VisualizationFactory.register_visualizer": {"executed_lines": [], "summary": {"covered_lines": 0, "num_statements": 1, "percent_covered": 0.0, "percent_covered_display": "0", "missing_lines": 1, "excluded_lines": 0}, "missing_lines": [69], "excluded_lines": []}, "": {"executed_lines": [1, 3, 5, 6, 15, 16, 18, 26, 27, 51, 52, 56, 57], "summary": {"covered_lines": 11, "num_statements": 11, "percent_covered": 100.0, "percent_covered_display": "100", "missing_lines": 0, "excluded_lines": 0}, "missing_lines": [], "excluded_lines": []}}, "classes": {"VisualizationFactory": {"executed_lines": [45, 46, 48, 49, 54], "summary": {"covered_lines": 5, "num_statements": 6, "percent_covered": 83.33333333333333, "percent_covered_display": "83", "missing_lines": 1, "excluded_lines": 0}, "missing_lines": [69], "excluded_lines": []}, "": {"executed_lines": [1, 3, 5, 6, 15, 16, 18, 26, 27, 51, 52, 56, 57], "summary": {"covered_lines": 11, "num_statements": 11, "percent_covered": 100.0, "percent_covered_display": "100", "missing_lines": 0, "excluded_lines": 0}, "missing_lines": [], "excluded_lines": []}}}, "src/tcc_analyzer/visualization/statistics.py": {"executed_lines": [1, 3, 5, 6, 7, 9, 12, 13, 15, 16, 30, 32, 33, 35, 52, 53, 67, 69, 70, 73, 75, 87, 88, 126, 127, 191, 192, 219, 220], "summary": {"covered_lines": 27, "num_statements": 74, "percent_covered": 36.486486486486484, "percent_covered_display": "36", "missing_lines": 47, "excluded_lines": 0}, "missing_lines": [104, 106, 107, 110, 115, 116, 118, 143, 145, 146, 148, 150, 151, 152, 153, 154, 155, 157, 162, 170, 171, 172, 174, 179, 187, 189, 206, 209, 210, 212, 214, 215, 217, 236, 238, 239, 242, 243, 245, 246, 249, 252, 253, 255, 258, 259, 261], "excluded_lines": [], "functions": {"StatisticalAnalyzer.calculate_descriptive_stats": {"executed_lines": [30, 32, 33, 35], "summary": {"covered_lines": 4, "num_statements": 4, "percent_covered": 100.0, "percent_covered_display": "100", "missing_lines": 0, "excluded_lines": 0}, "missing_lines": [], "excluded_lines": []}, "StatisticalAnalyzer.calculate_time_distribution": {"executed_lines": [67, 69, 70, 73, 75], "summary": {"covered_lines": 5, "num_statements": 5, "percent_covered": 100.0, "percent_covered_display": "100", "missing_lines": 0, "excluded_lines": 0}, "missing_lines": [], "excluded_lines": []}, "StatisticalAnalyzer.calculate_category_distribution": {"executed_lines": [], "summary": {"covered_lines": 0, "num_statements": 7, "percent_covered": 0.0, "percent_covered_display": "0", "missing_lines": 7, "excluded_lines": 0}, "missing_lines": [104, 106, 107, 110, 115, 116, 118], "excluded_lines": []}, "StatisticalAnalyzer.detect_outliers": {"executed_lines": [], "summary": {"covered_lines": 0, "num_statements": 19, "percent_covered": 0.0, "percent_covered_display": "0", "missing_lines": 19, "excluded_lines": 0}, "missing_lines": [143, 145, 146, 148, 150, 151, 152, 153, 154, 155, 157, 162, 170, 171, 172, 174, 179, 187, 189], "excluded_lines": []}, "StatisticalAnalyzer.calculate_correlation_matrix": {"executed_lines": [], "summary": {"covered_lines": 0, "num_statements": 7, "percent_covered": 0.0, "percent_covered_display": "0", "missing_lines": 7, "excluded_lines": 0}, "missing_lines": [206, 209, 210, 212, 214, 215, 217], "excluded_lines": []}, "StatisticalAnalyzer.calculate_trend_analysis": {"executed_lines": [], "summary": {"covered_lines": 0, "num_statements": 14, "percent_covered": 0.0, "percent_covered_display": "0", "missing_lines": 14, "excluded_lines": 0}, "missing_lines": [236, 238, 239, 242, 243, 245, 246, 249, 252, 253, 255, 258, 259, 261], "excluded_lines": []}, "": {"executed_lines": [1, 3, 5, 6, 7, 9, 12, 13, 15, 16, 52, 53, 87, 88, 126, 127, 191, 192, 219, 220], "summary": {"covered_lines": 18, "num_statements": 18, "percent_covered": 100.0, "percent_covered_display": "100", "missing_lines": 0, "excluded_lines": 0}, "missing_lines": [], "excluded_lines": []}}, "classes": {"StatisticalAnalyzer": {"executed_lines": [30, 32, 33, 35, 67, 69, 70, 73, 75], "summary": {"covered_lines": 9, "num_statements": 56, "percent_covered": 16.071428571428573, "percent_covered_display": "16", "missing_lines": 47, "excluded_lines": 0}, "missing_lines": [104, 106, 107, 110, 115, 116, 118, 143, 145, 146, 148, 150, 151, 152, 153, 154, 155, 157, 162, 170, 171, 172, 174, 179, 187, 189, 206, 209, 210, 212, 214, 215, 217, 236, 238, 239, 242, 243, 245, 246, 249, 252, 253, 255, 258, 259, 261], "excluded_lines": []}, "": {"executed_lines": [1, 3, 5, 6, 7, 9, 12, 13, 15, 16, 52, 53, 87, 88, 126, 127, 191, 192, 219, 220], "summary": {"covered_lines": 18, "num_statements": 18, "percent_covered": 100.0, "percent_covered_display": "100", "missing_lines": 0, "excluded_lines": 0}, "missing_lines": [], "excluded_lines": []}}}}, "totals": {"covered_lines": 487, "num_statements": 699, "percent_covered": 69.67095851216023, "percent_covered_display": "70", "missing_lines": 212, "excluded_lines": 0}}
